-------------------------------------------------------------------------------
Test set: com.bbd.pingpong.testPing
-------------------------------------------------------------------------------
Tests run: 3, Failures: 1, Errors: 0, Skipped: 0, Time elapsed: 0.001 sec <<< FAILURE! - in com.bbd.pingpong.testPing
testNumber5  Time elapsed: 0.001 sec  <<< FAILURE!
org.opentest4j.AssertionFailedError: expected: <5> but was: <1>
	at com.bbd.pingpong.testPing.testNumber5(testPing.java:23)

